2014-03-25 15:30:54,625 [8] KabuUriKai.Download.DownloadKabuData.downloadKabuList25Days - [DEBUG] Start.
2014-03-25 16:01:17,374 [9] KabuUriKai.Log.MyLog.Output - [DEBUG] Start.
2014-03-25 16:01:41,371 [9] KabuUriKai.Log.MyLog.Output - [DEBUG] Download file = data\2014-03-24.dat
2014-03-25 16:11:12,341 [9] KabuUriKai.Log.MyLog.Output - [DEBUG] Start.
2014-03-25 16:11:12,385 [9] KabuUriKai.Log.MyLog.Output - [DEBUG] Create saveFolder = data\kabu\.
2014-03-25 16:11:21,004 [9] KabuUriKai.Log.MyLog.Output - [DEBUG] Download file = data\kabu\2014-03-24.dat
2014-03-25 16:11:42,499 [9] KabuUriKai.Log.MyLog.Output - [DEBUG] Download file = data\kabu\2014-03-21.dat
2014-03-25 16:11:44,353 [9] KabuUriKai.Log.MyLog.Output - [DEBUG] Download file = data\kabu\2014-03-20.dat
2014-03-25 16:11:45,549 [9] KabuUriKai.Log.MyLog.Output - [DEBUG] Download file = data\kabu\2014-03-19.dat
2014-03-25 16:11:47,177 [9] KabuUriKai.Log.MyLog.Output - [DEBUG] Download file = data\kabu\2014-03-18.dat
2014-03-25 16:11:48,619 [9] KabuUriKai.Log.MyLog.Output - [DEBUG] Download file = data\kabu\2014-03-17.dat
2014-03-25 16:11:50,255 [9] KabuUriKai.Log.MyLog.Output - [DEBUG] Download file = data\kabu\2014-03-14.dat
2014-03-25 16:11:51,701 [9] KabuUriKai.Log.MyLog.Output - [DEBUG] Download file = data\kabu\2014-03-13.dat
2014-03-25 16:11:52,718 [9] KabuUriKai.Log.MyLog.Output - [DEBUG] Download file = data\kabu\2014-03-12.dat
2014-03-25 16:11:53,989 [9] KabuUriKai.Log.MyLog.Output - [DEBUG] Download file = data\kabu\2014-03-11.dat
2014-03-25 16:11:55,025 [9] KabuUriKai.Log.MyLog.Output - [DEBUG] Download file = data\kabu\2014-03-10.dat
2014-03-25 16:11:56,146 [9] KabuUriKai.Log.MyLog.Output - [DEBUG] Download file = data\kabu\2014-03-07.dat
2014-03-25 16:11:58,004 [9] KabuUriKai.Log.MyLog.Output - [DEBUG] Download file = data\kabu\2014-03-06.dat
2014-03-25 16:11:59,600 [9] KabuUriKai.Log.MyLog.Output - [DEBUG] Download file = data\kabu\2014-03-05.dat
2014-03-25 16:12:00,851 [9] KabuUriKai.Log.MyLog.Output - [DEBUG] Download file = data\kabu\2014-03-04.dat
2014-03-25 16:12:02,275 [9] KabuUriKai.Log.MyLog.Output - [DEBUG] Download file = data\kabu\2014-03-03.dat
2014-03-25 16:12:04,416 [9] KabuUriKai.Log.MyLog.Output - [DEBUG] Download file = data\kabu\2014-02-28.dat
2014-03-25 16:12:05,818 [9] KabuUriKai.Log.MyLog.Output - [DEBUG] Download file = data\kabu\2014-02-27.dat
2014-03-25 16:12:07,546 [9] KabuUriKai.Log.MyLog.Output - [DEBUG] Download file = data\kabu\2014-02-26.dat
2014-03-25 16:12:08,927 [9] KabuUriKai.Log.MyLog.Output - [DEBUG] Download file = data\kabu\2014-02-25.dat
2014-03-25 16:12:11,661 [9] KabuUriKai.Log.MyLog.Output - [DEBUG] Download file = data\kabu\2014-02-24.dat
2014-03-25 16:12:14,349 [9] KabuUriKai.Log.MyLog.Output - [DEBUG] Download file = data\kabu\2014-02-21.dat
2014-03-25 16:12:16,121 [9] KabuUriKai.Log.MyLog.Output - [DEBUG] Download file = data\kabu\2014-02-20.dat
2014-03-25 16:12:17,492 [9] KabuUriKai.Log.MyLog.Output - [DEBUG] Download file = data\kabu\2014-02-19.dat
2014-03-25 16:12:19,535 [9] KabuUriKai.Log.MyLog.Output - [DEBUG] Download file = data\kabu\2014-02-18.dat
2014-03-25 16:12:19,536 [9] KabuUriKai.Log.MyLog.Output - [DEBUG] End.
